{"/home/workspace/parking-location_app/services/fetchParkingAPI.js": {"path":"/home/workspace/parking-location_app/services/fetchParkingAPI.js","statementMap":{"0":{"start":{"line":3,"column":25},"end":{"line":3,"column":186}},"1":{"start":{"line":5,"column":8},"end":{"line":8,"column":9}},"2":{"start":{"line":6,"column":12},"end":{"line":6,"column":70}},"3":{"start":{"line":9,"column":8},"end":{"line":9,"column":37}}},"fnMap":{"0":{"name":"fetchParkingAPI","decl":{"start":{"line":2,"column":22},"end":{"line":2,"column":37}},"loc":{"start":{"line":2,"column":39},"end":{"line":10,"column":1}},"line":2}},"branchMap":{"0":{"loc":{"start":{"line":5,"column":8},"end":{"line":8,"column":9}},"type":"if","locations":[{"start":{"line":5,"column":8},"end":{"line":8,"column":9}},{"start":{},"end":{}}],"line":5}},"s":{"0":1,"1":1,"2":1,"3":0},"f":{"0":1},"b":{"0":[1,0]},"_coverageSchema":"1a1c01bbd47fc00a2c39e90264f33305004495a9","hash":"4a266127b0e7595cba2160d85528c61c77e0b4f0"}
}
